<?xml version="1.0" encoding="UTF-8"?>
<testsuite xmlns:xsi="http://www.w3.org/2001/XMLSchema-instance" xsi:noNamespaceSchemaLocation="https://maven.apache.org/surefire/maven-surefire-plugin/xsd/surefire-test-report-3.0.xsd" version="3.0" name="com.alepariciog.inditex.PricesApiTest" time="2.192" tests="5" errors="0" skipped="0" failures="0">
  <properties>
[...]
</properties>
  <testcase name="pricesApiShouldReturnTheProperPrice(RequestParameters, ExpectedResponse)[1]" classname="com.alepariciog.inditex.PricesApiTest" time="1.486"/>
  <testcase name="pricesApiShouldReturnTheProperPrice(RequestParameters, ExpectedResponse)[2]" classname="com.alepariciog.inditex.PricesApiTest" time="0.089"/>
  <testcase name="pricesApiShouldReturnTheProperPrice(RequestParameters, ExpectedResponse)[3]" classname="com.alepariciog.inditex.PricesApiTest" time="0.088"/>
  <testcase name="pricesApiShouldReturnTheProperPrice(RequestParameters, ExpectedResponse)[4]" classname="com.alepariciog.inditex.PricesApiTest" time="0.082"/>
  <testcase name="pricesApiShouldReturnTheProperPrice(RequestParameters, ExpectedResponse)[5]" classname="com.alepariciog.inditex.PricesApiTest" time="0.075"/>
</testsuite>